2024-08-15 17:31:03,186 Host start with arguments Namespace(backward_do_mirror=False, base_lr=0.0001, batch_images=8, cache_images=None, check_start=1, check_step=4, crop_size=500, data_root='D:\\MyDataSet\\GTA5', data_root_tgt='D:\\developper\\PyCharmProject\\AdaptSegNet\\data\\Cityscapes', dataset='gta', dataset_tgt='cityscapes', debug=False, from_epoch=0, gpus='0', idx_round=0, init_src_port=0.3, init_tgt_port=0.15, kc_policy='cb', kvstore='local', log_file='gta_rna-a1_cls19_s8_ep-0000_train.log', lr_steps=None, lr_type='linear', mine_id_address='outputs/stats', mine_id_number=3, mine_port=0.8, mine_thresh=0.001, model='cityscapes_rna-a1_cls19_s8', no_mxnet_cudnn_autotune_default=False, origin_size=1914, origin_size_tgt=2048, output='outputs', phase='val', prefetch_threads=1, prefetcher='thread', scale_rate_range='0.7,1.3', seed_int=0, split='train', split_tgt='train', stop_epoch=100, test_flipping=False, test_scales='1850', test_steps=1, to_epoch=2, weight_decay=0.0005, weights='../models/gta_rna-a1_cls19_s8_ep-0000.params', with_prior='True')
2024-08-15 17:31:03,187 Host and model specs {'lr_params': {'type': 'linear', 'base': 0.0001, 'args': None}, 'net_type': 'rna', 'net_name': 'a1', 'classes': 19, 'feat_stride': 8, 'dataset': 'gta', 'dataset_tgt': 'cityscapes'}
2024-08-16 12:36:33,779 Host start with arguments Namespace(backward_do_mirror=False, base_lr=0.0001, batch_images=8, cache_images=None, check_start=1, check_step=4, crop_size=500, data_root='D:\\MyDataSet\\GTA5', data_root_tgt='D:\\developper\\PyCharmProject\\AdaptSegNet\\data\\Cityscapes', dataset='gta', dataset_tgt='cityscapes', debug=False, from_epoch=0, gpus='0', idx_round=0, init_src_port=0.3, init_tgt_port=0.15, kc_policy='cb', kvstore='local', log_file='gta_rna-a1_cls19_s8_ep-0000_train.log', lr_steps=None, lr_type='linear', mine_id_address='outputs/stats', mine_id_number=3, mine_port=0.8, mine_thresh=0.001, model='cityscapes_rna-a1_cls19_s8', no_mxnet_cudnn_autotune_default=False, origin_size=1914, origin_size_tgt=2048, output='outputs', phase='val', prefetch_threads=1, prefetcher='thread', scale_rate_range='0.7,1.3', seed_int=0, split='train', split_tgt='train', stop_epoch=100, test_flipping=False, test_scales='1850', test_steps=1, to_epoch=2, weight_decay=0.0005, weights='../models/gta_rna-a1_cls19_s8_ep-0000.params', with_prior='True')
2024-08-16 12:36:33,780 Host and model specs {'lr_params': {'type': 'linear', 'base': 0.0001, 'args': None}, 'net_type': 'rna', 'net_name': 'a1', 'classes': 19, 'feat_stride': 8, 'dataset': 'gta', 'dataset_tgt': 'cityscapes'}
2024-08-16 12:48:49,586 Host start with arguments Namespace(backward_do_mirror=False, base_lr=0.0001, batch_images=8, cache_images=None, check_start=1, check_step=4, crop_size=500, data_root='D:\\MyDataSet\\GTA5', data_root_tgt='D:\\developper\\PyCharmProject\\AdaptSegNet\\data\\Cityscapes', dataset='gta', dataset_tgt='cityscapes', debug=False, from_epoch=0, gpus='0', idx_round=0, init_src_port=0.3, init_tgt_port=0.15, kc_policy='cb', kvstore='local', log_file='gta_rna-a1_cls19_s8_ep-0000_train.log', lr_steps=None, lr_type='linear', mine_id_address='outputs/stats', mine_id_number=3, mine_port=0.8, mine_thresh=0.001, model='cityscapes_rna-a1_cls19_s8', no_mxnet_cudnn_autotune_default=False, origin_size=1914, origin_size_tgt=2048, output='outputs', phase='val', prefetch_threads=1, prefetcher='thread', scale_rate_range='0.7,1.3', seed_int=0, split='train', split_tgt='train', stop_epoch=100, test_flipping=False, test_scales='1850', test_steps=1, to_epoch=2, weight_decay=0.0005, weights='../models/gta_rna-a1_cls19_s8_ep-0000.params', with_prior='True')
2024-08-16 12:48:49,587 Host and model specs {'lr_params': {'type': 'linear', 'base': 0.0001, 'args': None}, 'net_type': 'rna', 'net_name': 'a1', 'classes': 19, 'feat_stride': 8, 'dataset': 'gta', 'dataset_tgt': 'cityscapes'}
2024-08-16 12:49:23,425 Host start with arguments Namespace(backward_do_mirror=False, base_lr=0.0001, batch_images=8, cache_images=None, check_start=1, check_step=4, crop_size=500, data_root='D:\\MyDataSet\\GTA5', data_root_tgt='D:\\developper\\PyCharmProject\\AdaptSegNet\\data\\Cityscapes', dataset='gta', dataset_tgt='cityscapes', debug=False, from_epoch=0, gpus='0', idx_round=0, init_src_port=0.3, init_tgt_port=0.15, kc_policy='cb', kvstore='local', log_file='gta_rna-a1_cls19_s8_ep-0000_train.log', lr_steps=None, lr_type='linear', mine_id_address='outputs/stats', mine_id_number=3, mine_port=0.8, mine_thresh=0.001, model='cityscapes_rna-a1_cls19_s8', no_mxnet_cudnn_autotune_default=False, origin_size=1914, origin_size_tgt=2048, output='outputs', phase='val', prefetch_threads=1, prefetcher='thread', scale_rate_range='0.7,1.3', seed_int=0, split='train', split_tgt='train', stop_epoch=100, test_flipping=False, test_scales='1850', test_steps=1, to_epoch=2, weight_decay=0.0005, weights='../models/gta_rna-a1_cls19_s8_ep-0000.params', with_prior='True')
2024-08-16 12:49:23,426 Host and model specs {'lr_params': {'type': 'linear', 'base': 0.0001, 'args': None}, 'net_type': 'rna', 'net_name': 'a1', 'classes': 19, 'feat_stride': 8, 'dataset': 'gta', 'dataset_tgt': 'cityscapes'}
2024-08-16 13:13:35,197 Host start with arguments Namespace(backward_do_mirror=False, base_lr=0.0001, batch_images=8, cache_images=None, check_start=1, check_step=4, crop_size=500, data_root='D:\\MyDataSet\\GTA5', data_root_tgt='D:\\developper\\PyCharmProject\\AdaptSegNet\\data\\Cityscapes', dataset='gta', dataset_tgt='cityscapes', debug=False, from_epoch=0, gpus='0', idx_round=0, init_src_port=0.3, init_tgt_port=0.15, kc_policy='cb', kvstore='local', log_file='gta_rna-a1_cls19_s8_ep-0000_train.log', lr_steps=None, lr_type='linear', mine_id_address='outputs/stats', mine_id_number=3, mine_port=0.8, mine_thresh=0.001, model='cityscapes_rna-a1_cls19_s8', no_mxnet_cudnn_autotune_default=False, origin_size=1914, origin_size_tgt=2048, output='outputs', phase='val', prefetch_threads=1, prefetcher='thread', scale_rate_range='0.7,1.3', seed_int=0, split='train', split_tgt='train', stop_epoch=100, test_flipping=False, test_scales='1850', test_steps=1, to_epoch=2, weight_decay=0.0005, weights='../models/gta_rna-a1_cls19_s8_ep-0000.params', with_prior='True')
2024-08-16 13:13:35,198 Host and model specs {'lr_params': {'type': 'linear', 'base': 0.0001, 'args': None}, 'net_type': 'rna', 'net_name': 'a1', 'classes': 19, 'feat_stride': 8, 'dataset': 'gta', 'dataset_tgt': 'cityscapes'}
2024-08-16 13:13:55,620 Host start with arguments Namespace(backward_do_mirror=False, base_lr=0.0001, batch_images=8, cache_images=None, check_start=1, check_step=4, crop_size=500, data_root='D:\\MyDataSet\\GTA5', data_root_tgt='D:\\developper\\PyCharmProject\\AdaptSegNet\\data\\Cityscapes', dataset='gta', dataset_tgt='cityscapes', debug=False, from_epoch=0, gpus='0', idx_round=0, init_src_port=0.3, init_tgt_port=0.15, kc_policy='cb', kvstore='local', log_file='gta_rna-a1_cls19_s8_ep-0000_train.log', lr_steps=None, lr_type='linear', mine_id_address='outputs/stats', mine_id_number=3, mine_port=0.8, mine_thresh=0.001, model='cityscapes_rna-a1_cls19_s8', no_mxnet_cudnn_autotune_default=False, origin_size=1914, origin_size_tgt=2048, output='outputs', phase='val', prefetch_threads=1, prefetcher='thread', scale_rate_range='0.7,1.3', seed_int=0, split='train', split_tgt='train', stop_epoch=100, test_flipping=False, test_scales='1850', test_steps=1, to_epoch=2, weight_decay=0.0005, weights='../models/gta_rna-a1_cls19_s8_ep-0000.params', with_prior='True')
2024-08-16 13:13:55,621 Host and model specs {'lr_params': {'type': 'linear', 'base': 0.0001, 'args': None}, 'net_type': 'rna', 'net_name': 'a1', 'classes': 19, 'feat_stride': 8, 'dataset': 'gta', 'dataset_tgt': 'cityscapes'}
2024-08-16 13:16:19,923 Host start with arguments Namespace(backward_do_mirror=False, base_lr=0.0001, batch_images=8, cache_images=None, check_start=1, check_step=4, crop_size=500, data_root='D:\\MyDataSet\\GTA5', data_root_tgt='D:\\developper\\PyCharmProject\\AdaptSegNet\\data\\Cityscapes', dataset='gta', dataset_tgt='cityscapes', debug=False, from_epoch=0, gpus='0', idx_round=0, init_src_port=0.3, init_tgt_port=0.15, kc_policy='cb', kvstore='local', log_file='gta_rna-a1_cls19_s8_ep-0000_train.log', lr_steps=None, lr_type='linear', mine_id_address='outputs/stats', mine_id_number=3, mine_port=0.8, mine_thresh=0.001, model='cityscapes_rna-a1_cls19_s8', no_mxnet_cudnn_autotune_default=False, origin_size=1914, origin_size_tgt=2048, output='outputs', phase='val', prefetch_threads=1, prefetcher='thread', scale_rate_range='0.7,1.3', seed_int=0, split='train', split_tgt='train', stop_epoch=100, test_flipping=False, test_scales='1850', test_steps=1, to_epoch=2, weight_decay=0.0005, weights='../models/gta_rna-a1_cls19_s8_ep-0000.params', with_prior='True')
2024-08-16 13:16:19,924 Host and model specs {'lr_params': {'type': 'linear', 'base': 0.0001, 'args': None}, 'net_type': 'rna', 'net_name': 'a1', 'classes': 19, 'feat_stride': 8, 'dataset': 'gta', 'dataset_tgt': 'cityscapes'}
2024-08-16 13:25:19,455 Host Done 1/505 with speed: 0.00/s
2024-08-16 13:25:19,456 Host pixel acc: 0.25%, mean acc: 7.78%, mean iou: 0.13%
2024-08-16 13:25:19,456 Host 
[ 0.06  0.00  0.00  0.00  0.00  0.02  0.00  0.00  0.05 95.51 51.75  0.00
  0.00  0.07  0.00  0.00  0.00  0.00  0.41]
2024-08-16 13:25:19,456 Host 
[ 0.06  0.00  0.00  0.00  0.00  0.00  0.00  0.00  0.05  1.77  0.44  0.00
  0.00  0.07  0.00  0.00  0.00  0.00  0.02]
2024-08-16 13:28:44,303 Host Done 1/505 with speed: 0.00/s
2024-08-16 13:28:44,304 Host pixel acc: 0.23%, mean acc: 7.50%, mean iou: 0.11%
2024-08-16 13:28:44,304 Host 
[ 0.04  0.00  0.00  0.00  0.00  0.02  0.00  0.00  0.00 93.49 47.71  0.00
  0.00  0.06  0.00  0.00  0.00  0.00  1.18]
2024-08-16 13:28:44,304 Host 
[ 0.03  0.00  0.00  0.00  0.00  0.00  0.00  0.00  0.00  1.51  0.41  0.00
  0.00  0.05  0.00  0.00  0.00  0.00  0.07]
2024-08-16 13:29:26,796 Host Done 2/505 with speed: 0.00/s
2024-08-16 13:29:26,796 Host pixel acc: 3.38%, mean acc: 4.89%, mean iou: 2.33%
2024-08-16 13:29:26,796 Host 
[ 0.03  0.06  0.00  0.00  0.00  0.29  0.00  0.00  0.09 87.77  4.26  0.00
  0.00  0.09  0.00  0.00  0.00  0.00  0.32]
2024-08-16 13:29:26,796 Host 
[ 0.03  0.06  0.00  0.00  0.00  0.06  0.00  0.00  0.08 43.30  0.62  0.00
  0.00  0.08  0.00  0.00  0.00  0.00  0.01]
2024-08-16 13:29:27,398 Host Done 2/505 with speed: 0.00/s
2024-08-16 13:29:27,398 Host pixel acc: 3.35%, mean acc: 4.91%, mean iou: 2.10%
2024-08-16 13:29:27,398 Host 
[ 0.02  0.06  0.00  0.00  0.00  0.11  0.00  0.12  0.02 86.25  5.25  0.00
  0.00  0.14  0.00  0.00  0.00  0.00  1.32]
2024-08-16 13:29:27,398 Host 
[ 0.02  0.06  0.00  0.00  0.00  0.02  0.00  0.03  0.02 38.86  0.76  0.00
  0.00  0.12  0.00  0.00  0.00  0.00  0.06]
2024-08-16 13:29:59,451 Host Done 3/505 with speed: 0.00/s
2024-08-16 13:29:59,451 Host pixel acc: 2.97%, mean acc: 6.11%, mean iou: 1.69%
2024-08-16 13:29:59,452 Host 
[ 0.02  0.05  0.00  0.00  0.00  0.25  0.00  0.00  0.11 83.26  6.46  0.00
  0.00  0.09  0.00 10.61  0.00  0.00 15.22]
2024-08-16 13:29:59,452 Host 
[ 0.02  0.05  0.00  0.00  0.00  0.05  0.00  0.00  0.10 30.01  0.87  0.00
  0.00  0.08  0.00  0.32  0.00  0.00  0.65]
2024-08-16 13:29:59,978 Host Done 3/505 with speed: 0.00/s
2024-08-16 13:29:59,978 Host pixel acc: 2.93%, mean acc: 5.67%, mean iou: 1.54%
2024-08-16 13:29:59,979 Host 
[ 0.01  0.05  0.00  0.00  0.00  0.10  0.00  0.11  0.02 81.08  7.17  0.00
  0.00  0.14  0.00  2.12  0.00  0.00 16.94]
2024-08-16 13:29:59,979 Host 
[ 0.01  0.05  0.00  0.00  0.00  0.02  0.00  0.01  0.02 27.12  0.96  0.00
  0.00  0.12  0.00  0.07  0.00  0.00  0.80]
2024-08-16 13:30:31,952 Host Done 4/505 with speed: 0.00/s
2024-08-16 13:30:31,952 Host pixel acc: 2.54%, mean acc: 6.14%, mean iou: 1.37%
2024-08-16 13:30:31,952 Host 
[ 0.02  0.04  0.00  0.00  0.00  0.20  0.00  0.00  0.68 83.99  5.88  0.00
  0.00  0.06  0.00 10.61  0.00  0.00 15.22]
2024-08-16 13:30:31,953 Host 
[ 0.02  0.04  0.00  0.00  0.00  0.04  0.00  0.00  0.62 24.00  0.62  0.00
  0.00  0.05  0.00  0.24  0.00  0.00  0.49]
2024-08-16 13:30:32,536 Host Done 4/505 with speed: 0.00/s
2024-08-16 13:30:32,537 Host pixel acc: 2.45%, mean acc: 5.70%, mean iou: 1.32%
2024-08-16 13:30:32,537 Host 
[ 0.01  0.03  0.00  0.00  0.00  0.08  0.00  0.06  0.38 81.97  6.54  0.00
  0.00  0.09  0.00  2.12  0.00  0.00 16.94]
2024-08-16 13:30:32,537 Host 
[ 0.01  0.03  0.00  0.00  0.00  0.01  0.00  0.01  0.35 23.24  0.67  0.00
  0.00  0.08  0.00  0.05  0.00  0.00  0.60]
2024-08-16 13:31:04,394 Host Done 5/505 with speed: 0.01/s
2024-08-16 13:31:04,394 Host pixel acc: 3.99%, mean acc: 6.40%, mean iou: 1.92%
2024-08-16 13:31:04,395 Host 
[ 0.01  0.06  0.00  0.00  0.00  0.32  0.00  0.00  0.51 84.95 10.23  0.00
  0.00  0.08  0.00 10.61  0.00  0.00 14.92]
2024-08-16 13:31:04,395 Host 
[ 0.01  0.05  0.00  0.00  0.00  0.07  0.00  0.00  0.47 33.94  1.35  0.00
  0.00  0.07  0.00  0.14  0.00  0.00  0.39]
2024-08-16 13:31:04,946 Host Done 5/505 with speed: 0.01/s
2024-08-16 13:31:04,946 Host pixel acc: 3.97%, mean acc: 6.06%, mean iou: 1.88%
2024-08-16 13:31:04,946 Host 
[ 0.01  0.05  0.00  0.00  0.00  0.12  0.00  0.02  0.29 86.66  9.14  0.00
  0.00  0.12  0.00  2.12  0.00  0.00 16.60]
2024-08-16 13:31:04,946 Host 
[ 0.01  0.05  0.00  0.00  0.00  0.02  0.00  0.01  0.27 33.61  1.19  0.00
  0.00  0.10  0.00  0.02  0.00  0.00  0.48]
2024-08-16 13:31:37,769 Host Done 6/505 with speed: 0.01/s
2024-08-16 13:31:37,769 Host pixel acc: 3.38%, mean acc: 6.25%, mean iou: 1.87%
2024-08-16 13:31:37,769 Host 
[ 0.01  0.05  0.00  0.00  0.00  0.28  0.00  0.00  0.46 84.26  8.81  0.00
  0.00  0.08  0.00 10.61  0.00  0.00 14.22]
2024-08-16 13:31:37,770 Host 
[ 0.01  0.05  0.00  0.00  0.00  0.06  0.00  0.00  0.42 33.34  1.24  0.00
  0.00  0.07  0.00  0.10  0.00  0.00  0.32]
2024-08-16 13:31:38,305 Host Done 6/505 with speed: 0.01/s
2024-08-16 13:31:38,306 Host pixel acc: 3.35%, mean acc: 5.90%, mean iou: 1.84%
2024-08-16 13:31:38,306 Host 
[ 0.01  0.04  0.00  0.00  0.00  0.11  0.00  0.03  0.26 85.80  7.84  0.00
  0.00  0.12  0.00  2.12  0.00  0.00 15.82]
2024-08-16 13:31:38,306 Host 
[ 0.01  0.04  0.00  0.00  0.00  0.02  0.00  0.01  0.24 33.06  1.09  0.00
  0.00  0.10  0.00  0.02  0.00  0.00  0.40]
2024-08-16 13:32:10,118 Host Done 7/505 with speed: 0.01/s
2024-08-16 13:32:10,119 Host pixel acc: 2.97%, mean acc: 6.12%, mean iou: 1.73%
2024-08-16 13:32:10,119 Host 
[ 0.01  0.04  0.00  0.00  0.02  1.02  0.00  0.00  0.45 84.26  5.67  0.00
  0.00  0.17  0.00 10.61  0.00  0.00 14.00]
2024-08-16 13:32:10,119 Host 
[ 0.01  0.04  0.00  0.00  0.02  0.22  0.00  0.00  0.41 30.48  1.18  0.00
  0.00  0.14  0.00  0.09  0.00  0.00  0.27]
2024-08-16 13:32:10,648 Host Done 7/505 with speed: 0.01/s
2024-08-16 13:32:10,649 Host pixel acc: 2.95%, mean acc: 5.78%, mean iou: 1.70%
2024-08-16 13:32:10,649 Host 
[ 0.01  0.03  0.00  0.00  0.00  0.72  0.00  0.02  0.27 85.80  5.01  0.00
  0.00  0.26  0.00  2.12  0.00  0.00 15.62]
2024-08-16 13:32:10,649 Host 
[ 0.01  0.03  0.00  0.00  0.00  0.13  0.00  0.01  0.25 30.38  1.02  0.00
  0.00  0.22  0.00  0.02  0.00  0.00  0.33]
2024-08-16 13:32:42,361 Host Done 8/505 with speed: 0.01/s
2024-08-16 13:32:42,361 Host pixel acc: 2.73%, mean acc: 6.12%, mean iou: 1.69%
2024-08-16 13:32:42,361 Host 
[ 0.01  0.04  0.00  0.00  0.02  0.90  0.00  0.00  0.46 84.07  5.96  0.00
  0.00  0.18  0.00 10.61  0.00  0.00 13.97]
2024-08-16 13:32:42,361 Host 
[ 0.01  0.03  0.00  0.00  0.02  0.19  0.00  0.00  0.41 29.72  1.23  0.00
  0.00  0.15  0.00  0.09  0.00  0.00  0.23]
2024-08-16 13:32:42,877 Host Done 8/505 with speed: 0.01/s
2024-08-16 13:32:42,877 Host pixel acc: 2.71%, mean acc: 5.78%, mean iou: 1.66%
2024-08-16 13:32:42,878 Host 
[ 0.00  0.03  0.00  0.00  0.00  0.63  0.00  0.02  0.26 85.54  5.38  0.00
  0.00  0.26  0.00  2.12  0.00  0.00 15.59]
2024-08-16 13:32:42,878 Host 
[ 0.00  0.03  0.00  0.00  0.00  0.11  0.00  0.01  0.24 29.45  1.09  0.00
  0.00  0.21  0.00  0.02  0.00  0.00  0.28]
2024-08-16 13:33:14,587 Host Done 9/505 with speed: 0.01/s
2024-08-16 13:33:14,587 Host pixel acc: 2.58%, mean acc: 5.52%, mean iou: 1.68%
2024-08-16 13:33:14,587 Host 
[ 0.01  0.04  0.00  0.00  0.02  1.13  0.00  0.00  0.53 84.31  5.86  0.00
  0.00  0.16  0.00  0.54  0.00  0.00 12.27]
2024-08-16 13:33:14,587 Host 
[ 0.01  0.03  0.00  0.00  0.02  0.23  0.00  0.00  0.48 29.47  1.14  0.00
  0.00  0.13  0.00  0.24  0.00  0.00  0.21]
2024-08-16 13:33:15,139 Host Done 9/505 with speed: 0.01/s
2024-08-16 13:33:15,139 Host pixel acc: 2.55%, mean acc: 5.66%, mean iou: 1.64%
2024-08-16 13:33:15,139 Host 
[ 0.00  0.03  0.00  0.00  0.00  0.78  0.00  0.02  0.28 85.15  5.37  0.00
  0.00  0.23  0.00  1.75  0.00  0.00 13.96]
2024-08-16 13:33:15,140 Host 
[ 0.00  0.03  0.00  0.00  0.00  0.13  0.00  0.01  0.26 28.48  1.04  0.00
  0.00  0.19  0.00  0.73  0.00  0.00  0.26]
2024-08-16 13:33:46,808 Host Done 10/505 with speed: 0.01/s
2024-08-16 13:33:46,809 Host pixel acc: 2.41%, mean acc: 5.52%, mean iou: 1.50%
2024-08-16 13:33:46,809 Host 
[ 0.01  0.03  0.00  0.00  0.02  1.11  0.00  0.00  0.45 84.45  5.91  0.00
  0.00  0.12  0.00  0.54  0.00  0.00 12.23]
2024-08-16 13:33:46,809 Host 
[ 0.01  0.03  0.00  0.00  0.01  0.22  0.00  0.00  0.41 26.34  1.02  0.00
  0.00  0.11  0.00  0.24  0.00  0.00  0.19]
2024-08-16 13:33:47,363 Host Done 10/505 with speed: 0.01/s
2024-08-16 13:33:47,363 Host pixel acc: 2.37%, mean acc: 5.65%, mean iou: 1.43%
2024-08-16 13:33:47,363 Host 
[ 0.00  0.03  0.00  0.00  0.00  0.76  0.00  0.02  0.24 85.12  5.41  0.00
  0.00  0.18  0.00  1.75  0.00  0.00 13.91]
2024-08-16 13:33:47,363 Host 
[ 0.00  0.02  0.00  0.00  0.00  0.13  0.00  0.01  0.22 24.74  0.93  0.00
  0.00  0.15  0.00  0.72  0.00  0.00  0.24]
2024-08-16 13:34:19,246 Host Done 11/505 with speed: 0.01/s
2024-08-16 13:34:19,246 Host pixel acc: 2.29%, mean acc: 5.57%, mean iou: 1.53%
2024-08-16 13:34:19,247 Host 
[ 0.01  0.03  0.00  0.00  0.02  1.21  0.00  0.00  0.43 84.61  6.63  0.00
  0.00  0.12  0.00  0.54  0.00  0.00 12.23]
2024-08-16 13:34:19,247 Host 
[ 0.01  0.03  0.00  0.00  0.01  0.21  0.00  0.00  0.39 26.72  1.14  0.00
  0.00  0.11  0.00  0.23  0.00  0.00  0.17]
2024-08-16 13:34:19,790 Host Done 11/505 with speed: 0.01/s
2024-08-16 13:34:19,791 Host pixel acc: 2.25%, mean acc: 5.69%, mean iou: 1.45%
2024-08-16 13:34:19,791 Host 
[ 0.00  0.02  0.00  0.00  0.00  0.84  0.00  0.02  0.22 85.25  5.98  0.00
  0.00  0.18  0.00  1.75  0.00  0.00 13.93]
2024-08-16 13:34:19,791 Host 
[ 0.00  0.02  0.00  0.00  0.00  0.12  0.00  0.01  0.21 25.05  1.03  0.00
  0.00  0.15  0.00  0.71  0.00  0.00  0.22]
2024-08-16 13:34:51,716 Host Done 12/505 with speed: 0.01/s
2024-08-16 13:34:51,716 Host pixel acc: 2.22%, mean acc: 5.57%, mean iou: 1.54%
2024-08-16 13:34:51,716 Host 
[ 0.00  0.03  0.00  0.00  0.02  1.27  0.00  0.00  0.43 84.48  6.64  0.00
  0.00  0.11  0.00  0.53  0.00  0.00 12.23]
2024-08-16 13:34:51,716 Host 
[ 0.00  0.03  0.00  0.00  0.01  0.19  0.00  0.00  0.39 27.07  1.14  0.00
  0.00  0.10  0.00  0.23  0.00  0.00  0.16]
2024-08-16 13:34:52,242 Host Done 12/505 with speed: 0.01/s
2024-08-16 13:34:52,242 Host pixel acc: 2.17%, mean acc: 5.66%, mean iou: 1.45%
2024-08-16 13:34:52,242 Host 
[ 0.00  0.02  0.00  0.00  0.00  0.89  0.00  0.02  0.21 84.58  6.10  0.00
  0.00  0.16  0.00  1.71  0.00  0.00 13.93]
2024-08-16 13:34:52,242 Host 
[ 0.00  0.02  0.00  0.00  0.00  0.11  0.00  0.01  0.19 25.04  1.05  0.00
  0.00  0.14  0.00  0.70  0.00  0.00  0.20]
2024-08-16 13:35:24,163 Host Done 13/505 with speed: 0.01/s
2024-08-16 13:35:24,163 Host pixel acc: 2.07%, mean acc: 5.56%, mean iou: 1.53%
2024-08-16 13:35:24,163 Host 
[ 0.01  0.03  0.00  0.00  0.02  1.22  0.00  0.00  0.41 84.43  5.75  0.00
  0.00  0.09  0.00  0.53  0.00  0.00 13.12]
2024-08-16 13:35:24,163 Host 
[ 0.01  0.03  0.00  0.00  0.01  0.16  0.00  0.00  0.38 27.01  1.09  0.00
  0.00  0.08  0.00  0.22  0.00  0.00  0.18]
2024-08-16 13:35:24,733 Host Done 13/505 with speed: 0.01/s
2024-08-16 13:35:24,733 Host pixel acc: 2.02%, mean acc: 5.67%, mean iou: 1.44%
2024-08-16 13:35:24,734 Host 
[ 0.00  0.02  0.00  0.00  0.00  0.85  0.00  0.02  0.20 84.54  5.26  0.00
  0.00  0.13  0.00  1.71  0.00  0.00 14.92]
2024-08-16 13:35:24,734 Host 
[ 0.00  0.02  0.00  0.00  0.00  0.10  0.00  0.01  0.19 24.95  1.00  0.00
  0.00  0.12  0.00  0.68  0.00  0.00  0.22]
2024-08-16 13:35:56,858 Host Done 14/505 with speed: 0.01/s
2024-08-16 13:35:56,858 Host pixel acc: 2.01%, mean acc: 5.58%, mean iou: 1.44%
2024-08-16 13:35:56,858 Host 
[ 0.01  0.03  0.00  0.00  0.01  1.18  0.00  0.00  0.39 84.26  6.56  0.00
  0.00  0.09  0.00  0.53  0.00  0.00 12.89]
2024-08-16 13:35:56,858 Host 
[ 0.01  0.02  0.00  0.00  0.01  0.15  0.00  0.00  0.35 24.97  1.32  0.00
  0.00  0.08  0.00  0.22  0.00  0.00  0.16]
2024-08-16 13:35:57,440 Host Done 14/505 with speed: 0.01/s
2024-08-16 13:35:57,441 Host pixel acc: 1.94%, mean acc: 5.67%, mean iou: 1.32%
2024-08-16 13:35:57,441 Host 
[ 0.00  0.02  0.00  0.00  0.00  0.83  0.00  0.02  0.19 84.39  5.70  0.00
  0.00  0.12  0.00  1.71  0.00  0.00 14.66]
2024-08-16 13:35:57,441 Host 
[ 0.00  0.02  0.00  0.00  0.00  0.09  0.00  0.01  0.18 22.65  1.16  0.00
  0.00  0.11  0.00  0.68  0.00  0.00  0.20]
2024-08-16 13:36:29,271 Host Done 15/505 with speed: 0.01/s
2024-08-16 13:36:29,271 Host pixel acc: 1.90%, mean acc: 5.69%, mean iou: 1.41%
2024-08-16 13:36:29,271 Host 
[ 0.01  0.02  0.00  0.00  2.25  1.12  0.00  0.00  0.36 84.26  6.62  0.00
  0.00  0.08  0.00  0.53  0.00  0.00 12.89]
2024-08-16 13:36:29,272 Host 
[ 0.01  0.02  0.00  0.00  1.16  0.15  0.00  0.00  0.33 23.32  1.31  0.00
  0.00  0.08  0.00  0.21  0.00  0.00  0.15]
2024-08-16 13:36:29,915 Host Done 15/505 with speed: 0.01/s
2024-08-16 13:36:29,915 Host pixel acc: 1.82%, mean acc: 5.72%, mean iou: 1.24%
2024-08-16 13:36:29,915 Host 
[ 0.00  0.02  0.00  0.00  1.32  0.79  0.00  0.02  0.18 84.39  5.53  0.00
  0.00  0.12  0.00  1.71  0.00  0.00 14.66]
2024-08-16 13:36:29,915 Host 
[ 0.00  0.02  0.00  0.00  0.57  0.09  0.00  0.01  0.17 20.79  1.10  0.00
  0.00  0.10  0.00  0.58  0.00  0.00  0.19]
2024-08-16 13:37:05,528 Host start with arguments Namespace(backward_do_mirror=False, base_lr=0.0001, batch_images=8, cache_images=None, check_start=1, check_step=4, crop_size=500, data_root='D:\\MyDataSet\\GTA5', data_root_tgt='D:\\developper\\PyCharmProject\\AdaptSegNet\\data\\Cityscapes', dataset='gta', dataset_tgt='cityscapes', debug=False, from_epoch=0, gpus='0', idx_round=0, init_src_port=0.3, init_tgt_port=0.15, kc_policy='cb', kvstore='local', log_file='gta_rna-a1_cls19_s8_ep-0000_train.log', lr_steps=None, lr_type='linear', mine_id_address='outputs/stats', mine_id_number=3, mine_port=0.8, mine_thresh=0.001, model='cityscapes_rna-a1_cls19_s8', no_mxnet_cudnn_autotune_default=False, origin_size=1914, origin_size_tgt=2048, output='outputs', phase='val', prefetch_threads=1, prefetcher='thread', scale_rate_range='0.7,1.3', seed_int=0, split='train', split_tgt='train', stop_epoch=100, test_flipping=False, test_scales='1850', test_steps=1, to_epoch=2, weight_decay=0.0005, weights='../models/gta_rna-a1_cls19_s8_ep-0000.params', with_prior='True')
2024-08-16 13:37:05,528 Host and model specs {'lr_params': {'type': 'linear', 'base': 0.0001, 'args': None}, 'net_type': 'rna', 'net_name': 'a1', 'classes': 19, 'feat_stride': 8, 'dataset': 'gta', 'dataset_tgt': 'cityscapes'}
2024-08-16 13:37:40,587 Host Done 1/505 with speed: 0.03/s
2024-08-16 13:37:40,587 Host pixel acc: 0.25%, mean acc: 7.78%, mean iou: 0.13%
2024-08-16 13:37:40,587 Host 
[ 0.06  0.00  0.00  0.00  0.00  0.02  0.00  0.00  0.05 95.51 51.75  0.00
  0.00  0.07  0.00  0.00  0.00  0.00  0.41]
2024-08-16 13:37:40,588 Host 
[ 0.06  0.00  0.00  0.00  0.00  0.00  0.00  0.00  0.05  1.77  0.44  0.00
  0.00  0.07  0.00  0.00  0.00  0.00  0.02]
2024-08-16 13:37:41,194 Host Done 1/505 with speed: 0.03/s
2024-08-16 13:37:41,194 Host pixel acc: 0.23%, mean acc: 7.50%, mean iou: 0.11%
2024-08-16 13:37:41,194 Host 
[ 0.04  0.00  0.00  0.00  0.00  0.02  0.00  0.00  0.00 93.49 47.71  0.00
  0.00  0.06  0.00  0.00  0.00  0.00  1.18]
2024-08-16 13:37:41,194 Host 
[ 0.03  0.00  0.00  0.00  0.00  0.00  0.00  0.00  0.00  1.51  0.41  0.00
  0.00  0.05  0.00  0.00  0.00  0.00  0.07]
2024-08-16 14:13:41,709 Host start with arguments Namespace(backward_do_mirror=False, base_lr=0.0001, batch_images=8, cache_images=None, check_start=1, check_step=4, crop_size=500, data_root='D:\\MyDataSet\\GTA5', data_root_tgt='D:\\developper\\PyCharmProject\\AdaptSegNet\\data\\Cityscapes', dataset='gta', dataset_tgt='cityscapes', debug=False, from_epoch=0, gpus='0', idx_round=0, init_src_port=0.3, init_tgt_port=0.15, kc_policy='cb', kvstore='local', log_file='gta_rna-a1_cls19_s8_ep-0000_train.log', lr_steps=None, lr_type='linear', mine_id_address='outputs/stats', mine_id_number=3, mine_port=0.8, mine_thresh=0.001, model='cityscapes_rna-a1_cls19_s8', no_mxnet_cudnn_autotune_default=False, origin_size=1914, origin_size_tgt=2048, output='outputs', phase='val', prefetch_threads=1, prefetcher='thread', scale_rate_range='0.7,1.3', seed_int=0, split='train', split_tgt='train', stop_epoch=100, test_flipping=False, test_scales='1850', test_steps=1, to_epoch=2, weight_decay=0.0005, weights='../models/gta_rna-a1_cls19_s8_ep-0000.params', with_prior='True')
2024-08-16 14:13:41,710 Host and model specs {'lr_params': {'type': 'linear', 'base': 0.0001, 'args': None}, 'net_type': 'rna', 'net_name': 'a1', 'classes': 19, 'feat_stride': 8, 'dataset': 'gta', 'dataset_tgt': 'cityscapes'}
